\BOOKMARK [1][-]{section.1}{Introduction}{}% 1
\BOOKMARK [2][-]{subsection.1.1}{Background}{section.1}% 2
\BOOKMARK [2][-]{subsection.1.2}{Contributions}{section.1}% 3
\BOOKMARK [2][-]{subsection.1.3}{Organization}{section.1}% 4
\BOOKMARK [1][-]{section.2}{Related Work}{}% 5
\BOOKMARK [2][-]{subsection.2.1}{Cache Framework}{section.2}% 6
\BOOKMARK [2][-]{subsection.2.2}{Aspect-Oriented Programming}{section.2}% 7
\BOOKMARK [1][-]{section.3}{Aspect-oriented Cache Auto Load Framework with Annotation}{}% 8
\BOOKMARK [2][-]{subsection.3.1}{Architecture}{section.3}% 9
\BOOKMARK [3][-]{subsubsection.3.1.1}{Overview}{subsection.3.1}% 10
\BOOKMARK [3][-]{subsubsection.3.1.2}{Implementation}{subsection.3.1}% 11
\BOOKMARK [3][-]{subsubsection.3.1.3}{Load Waiting Strategy}{subsection.3.1}% 12
\BOOKMARK [3][-]{subsubsection.3.1.4}{Auto Loading Strategy}{subsection.3.1}% 13
\BOOKMARK [3][-]{subsubsection.3.1.5}{Cache Delete in Batches}{subsection.3.1}% 14
\BOOKMARK [2][-]{subsection.3.2}{Annotation}{section.3}% 15
\BOOKMARK [3][-]{subsubsection.3.2.1}{Cache}{subsection.3.2}% 16
\BOOKMARK [3][-]{subsubsection.3.2.2}{ExCache}{subsection.3.2}% 17
\BOOKMARK [3][-]{subsubsection.3.2.3}{CacheDelete}{subsection.3.2}% 18
\BOOKMARK [2][-]{subsection.3.3}{Expression}{section.3}% 19
\BOOKMARK [1][-]{section.4}{Experiments}{}% 20
\BOOKMARK [2][-]{subsection.4.1}{Experiment Setup}{section.4}% 21
\BOOKMARK [2][-]{subsection.4.2}{Response Time}{section.4}% 22
\BOOKMARK [2][-]{subsection.4.3}{Resource Consumption}{section.4}% 23
\BOOKMARK [2][-]{subsection.4.4}{Pressure Test}{section.4}% 24
\BOOKMARK [1][-]{section.5}{Conclusions}{}% 25
\BOOKMARK [1][-]{section.6}{Future Work}{}% 26
